<?xml version="1.0" encoding="UTF-8"?>
<!-- Generated by org.testng.reporters.JUnitReportReporter -->
<testsuite skipped="0" hostname="ip-172-31-87-16" name="testNg.Testcase1" tests="1" failures="0" timestamp="2021-10-28T03:43:39 UTC" time="0.002" errors="0">
  <testcase name="CarLoanTest" time="0.002" classname="testNg.Testcase1"/>
  <system-out/>
</testsuite> <!-- testNg.Testcase1 -->
