<?xml version="1.0" encoding="UTF-8"?>
<!-- Generated by org.testng.reporters.JUnitReportReporter -->
<testsuite skipped="0" hostname="ip-172-31-87-16" name="test.LoginTest" tests="2" failures="0" timestamp="2021-10-28T06:56:54 UTC" time="10.558" errors="0">
  <testcase name="NegativeLogin" time="5.462" classname="test.LoginTest"/>
  <system-out/>
  <testcase name="PositiveLogin" time="5.096" classname="test.LoginTest"/>
  <system-out/>
</testsuite> <!-- test.LoginTest -->
